TN:
SF:script/deploy/DeployBacen.s.sol
FN:13,DeployBacen.run
FNDA:0,DeployBacen.run
DA:14,0
DA:15,0
DA:16,0
DA:17,0
DA:18,0
DA:19,0
DA:20,0
DA:21,0
DA:22,0
DA:23,0
DA:24,0
DA:25,0
FNF:1
FNH:0
LF:12
LH:0
BRF:0
BRH:0
end_of_record
TN:
SF:script/deploy/DeployCC.s.sol
FN:12,DeployCC.run
FNDA:0,DeployCC.run
DA:13,0
DA:15,0
DA:16,0
DA:17,0
DA:18,0
DA:20,0
DA:22,0
DA:23,0
DA:24,0
DA:25,0
DA:26,0
DA:28,0
FNF:1
FNH:0
LF:12
LH:0
BRF:0
BRH:0
end_of_record
TN:
SF:script/deploy/DeployDiamond.s.sol
FN:20,DeployDiamond.run
FNDA:0,DeployDiamond.run
DA:21,0
DA:22,0
DA:23,0
DA:25,0
DA:26,0
DA:28,0
DA:29,0
DA:31,0
DA:32,0
DA:35,0
DA:36,0
DA:41,0
DA:42,0
DA:43,0
DA:44,0
DA:45,0
DA:46,0
DA:51,0
DA:52,0
DA:53,0
DA:56,0
DA:63,0
DA:64,0
DA:66,0
FNF:1
FNH:0
LF:24
LH:0
BRF:0
BRH:0
end_of_record
TN:
SF:script/deploy/DeployPL.s.sol
FN:38,DeployNodeCPL.run
FNDA:0,DeployNodeCPL.run
DA:39,0
DA:40,0
DA:41,0
FN:46,DeployNodeDPL.run
FNDA:0,DeployNodeDPL.run
DA:47,0
DA:48,0
DA:49,0
FN:30,DeployNodeBPL.run
FNDA:0,DeployNodeBPL.run
DA:31,0
DA:32,0
DA:33,0
FN:22,DeployNodeAPL.run
FNDA:0,DeployNodeAPL.run
DA:23,0
DA:24,0
DA:25,0
FNF:4
FNH:0
LF:12
LH:0
BRF:0
BRH:0
end_of_record
TN:
SF:script/deploy/DeployTreasury.s.sol
FN:14,DeployTreasury.run
FNDA:0,DeployTreasury.run
DA:15,0
DA:16,0
DA:17,0
DA:18,0
DA:19,0
DA:20,0
DA:21,0
DA:22,0
DA:23,0
DA:24,0
FNF:1
FNH:0
LF:10
LH:0
BRF:0
BRH:0
end_of_record
TN:
SF:script/interact/AddAuthorized.s.sol
FN:17,AddAuthorizedNodeB.run
FNDA:0,AddAuthorizedNodeB.run
DA:18,0
DA:19,0
DA:20,0
FN:25,AddAuthorizedNodeC.run
FNDA:0,AddAuthorizedNodeC.run
DA:26,0
DA:27,0
DA:28,0
FN:9,AddAuthorizedNodeA.run
FNDA:0,AddAuthorizedNodeA.run
DA:10,0
DA:11,0
DA:12,0
FN:33,AddAuthorizedNodeD.run
FNDA:0,AddAuthorizedNodeD.run
DA:34,0
DA:35,0
DA:36,0
FNF:4
FNH:0
LF:12
LH:0
BRF:0
BRH:0
end_of_record
TN:
SF:script/interact/BalanceOfBond.s.sol
FN:25,BalanceOfBondTreasury.run
FNDA:0,BalanceOfBondTreasury.run
DA:26,0
DA:27,0
DA:28,0
FN:17,BalanceOfBondNodeB.run
FNDA:0,BalanceOfBondNodeB.run
DA:18,0
DA:19,0
DA:20,0
FN:9,BalanceOfBondNodeA.run
FNDA:0,BalanceOfBondNodeA.run
DA:10,0
DA:11,0
DA:12,0
FNF:3
FNH:0
LF:9
LH:0
BRF:0
BRH:0
end_of_record
TN:
SF:script/interact/BalanceOfDrex.s.sol
FN:22,BalanceOfDrexNodeB.run
FNDA:0,BalanceOfDrexNodeB.run
DA:23,0
DA:24,0
DA:25,0
DA:26,0
DA:27,0
DA:28,0
DA:29,0
FN:34,BalanceOfDrexNodeC.run
FNDA:0,BalanceOfDrexNodeC.run
DA:35,0
DA:36,0
DA:37,0
FN:42,BalanceOfDrexNodeD.run
FNDA:0,BalanceOfDrexNodeD.run
DA:43,0
DA:44,0
DA:45,0
FN:10,BalanceOfDrexNodeA.run
FNDA:0,BalanceOfDrexNodeA.run
DA:11,0
DA:12,0
DA:13,0
DA:14,0
DA:15,0
DA:16,0
DA:17,0
FN:50,BalanceOfDrexBacen.run
FNDA:0,BalanceOfDrexBacen.run
DA:51,0
DA:52,0
DA:53,0
FNF:5
FNH:0
LF:23
LH:0
BRF:0
BRH:0
end_of_record
TN:
SF:script/interact/BalanceOfReal.s.sol
FN:21,BalanceOfRealNodeB.run
FNDA:0,BalanceOfRealNodeB.run
DA:22,0
DA:23,0
DA:24,0
DA:25,0
DA:26,0
DA:27,0
DA:28,0
FN:9,BalanceOfRealNodeA.run
FNDA:0,BalanceOfRealNodeA.run
DA:10,0
DA:11,0
DA:12,0
DA:13,0
DA:14,0
DA:15,0
DA:16,0
FNF:2
FNH:0
LF:14
LH:0
BRF:0
BRH:0
end_of_record
TN:
SF:script/interact/BridgeBond.s.sol
FN:39,BridgeBondFromNodeB.run
FNDA:0,BridgeBondFromNodeB.run
DA:40,0
DA:42,0
DA:43,0
DA:44,0
DA:45,0
DA:46,0
DA:48,0
DA:49,0
FN:24,BridgeBondFromNodeA.run
FNDA:0,BridgeBondFromNodeA.run
DA:25,0
DA:27,0
DA:28,0
DA:29,0
DA:30,0
DA:31,0
DA:33,0
DA:34,0
FN:9,BridgeBondFromTreasury.run
FNDA:0,BridgeBondFromTreasury.run
DA:10,0
DA:12,0
DA:13,0
DA:14,0
DA:15,0
DA:16,0
DA:18,0
DA:19,0
FNF:3
FNH:0
LF:24
LH:0
BRF:0
BRH:0
end_of_record
TN:
SF:script/interact/BridgeDrex.s.sol
FN:34,BridgeDrexFromNodeB.run
FNDA:0,BridgeDrexFromNodeB.run
DA:35,0
DA:37,0
DA:38,0
DA:39,0
DA:40,0
DA:42,0
FN:21,BridgeDrexFromNodeA.run
FNDA:0,BridgeDrexFromNodeA.run
DA:22,0
DA:24,0
DA:25,0
DA:26,0
DA:27,0
DA:29,0
FN:8,BridgeDrexFromBacen.run
FNDA:0,BridgeDrexFromBacen.run
DA:9,0
DA:11,0
DA:12,0
DA:13,0
DA:14,0
DA:16,0
FNF:3
FNH:0
LF:18
LH:0
BRF:0
BRH:0
end_of_record
TN:
SF:script/interact/BridgeReal.s.sol
FN:9,BridgeRealFromA.run
FNDA:0,BridgeRealFromA.run
DA:10,0
DA:12,0
DA:13,0
DA:14,0
DA:15,0
DA:17,0
FN:22,BridgeRealFromB.run
FNDA:0,BridgeRealFromB.run
DA:23,0
DA:25,0
DA:26,0
DA:27,0
DA:28,0
DA:30,0
FNF:2
FNH:0
LF:12
LH:0
BRF:0
BRH:0
end_of_record
TN:
SF:script/interact/CheckBalanceCommitments.s.sol
FN:11,CheckBalances.run
FNDA:0,CheckBalances.run
DA:12,0
DA:14,0
DA:17,0
DA:22,0
DA:24,0
FNF:1
FNH:0
LF:5
LH:0
BRF:0
BRH:0
end_of_record
TN:
SF:script/interact/CheckDrexSupply.s.sol
FN:25,CheckDrexSupplyBacen.run
FNDA:0,CheckDrexSupplyBacen.run
DA:26,0
DA:27,0
DA:28,0
FN:9,CheckDrexSupplyNodeA.run
FNDA:0,CheckDrexSupplyNodeA.run
DA:10,0
DA:11,0
DA:12,0
FN:17,CheckDrexSupplyNodeB.run
FNDA:0,CheckDrexSupplyNodeB.run
DA:18,0
DA:19,0
DA:20,0
FNF:3
FNH:0
LF:9
LH:0
BRF:0
BRH:0
end_of_record
TN:
SF:script/interact/Diamond.s.sol
FN:12,DiamondCC.run
FNDA:0,DiamondCC.run
DA:13,0
DA:14,0
DA:16,0
DA:17,0
DA:30,0
FNF:1
FNH:0
LF:5
LH:0
BRF:0
BRH:0
end_of_record
TN:
SF:script/interact/IssuanceBondRequest.s.sol
FN:23,IssuanceBondRequestNodeB.run
FNDA:0,IssuanceBondRequestNodeB.run
DA:24,0
DA:26,0
DA:27,0
DA:28,0
DA:29,0
DA:31,0
DA:32,0
FN:9,IssuanceBondRequestNodeA.run
FNDA:0,IssuanceBondRequestNodeA.run
DA:10,0
DA:12,0
DA:13,0
DA:14,0
DA:15,0
DA:17,0
DA:18,0
FNF:2
FNH:0
LF:14
LH:0
BRF:0
BRH:0
end_of_record
TN:
SF:script/interact/IssuanceDrexRequest.s.sol
FN:22,IssuanceDrexRequestFromB.run
FNDA:0,IssuanceDrexRequestFromB.run
DA:23,0
DA:25,0
DA:26,0
DA:27,0
DA:29,0
DA:30,0
FN:9,IssuanceDrexRequestFromA.run
FNDA:0,IssuanceDrexRequestFromA.run
DA:10,0
DA:12,0
DA:13,0
DA:14,0
DA:16,0
DA:17,0
FNF:2
FNH:0
LF:12
LH:0
BRF:0
BRH:0
end_of_record
TN:
SF:script/interact/MintReal.s.sol
FN:19,MintRealNodeB.run
FNDA:0,MintRealNodeB.run
DA:20,0
DA:21,0
DA:22,0
DA:23,0
FN:10,MintRealNodeA.run
FNDA:0,MintRealNodeA.run
DA:11,0
DA:12,0
DA:13,0
DA:14,0
FNF:2
FNH:0
LF:8
LH:0
BRF:0
BRH:0
end_of_record
TN:
SF:script/interact/Participant.s.sol
FN:17,VerifyB.run
FNDA:0,VerifyB.run
DA:18,0
DA:19,0
DA:20,0
FN:52,RemoveParticipantA.run
FNDA:0,RemoveParticipantA.run
DA:53,0
DA:54,0
DA:55,0
FN:33,AddParticipantB.run
FNDA:0,AddParticipantB.run
DA:34,0
DA:35,0
DA:36,0
FN:25,AddParticipantA.run
FNDA:0,AddParticipantA.run
DA:26,0
DA:27,0
DA:28,0
FN:9,VerifyA.run
FNDA:0,VerifyA.run
DA:10,0
DA:11,0
DA:12,0
FN:43,AddParticipants.run
FNDA:0,AddParticipants.run
DA:44,0
DA:45,0
DA:46,0
DA:47,0
FN:60,RemoveParticipantB.run
FNDA:0,RemoveParticipantB.run
DA:61,0
DA:62,0
DA:63,0
FNF:7
FNH:0
LF:22
LH:0
BRF:0
BRH:0
end_of_record
TN:
SF:src/MessageDispatcher.sol
FN:43,MessageDispatcher.dispatchMessage
FNDA:25,MessageDispatcher.dispatchMessage
DA:48,25
DA:49,25
DA:52,25
DA:53,25
DA:54,25
FN:61,MessageDispatcher._incrementNonce
FNDA:25,MessageDispatcher._incrementNonce
DA:63,25
DA:66,25
FNF:2
FNH:2
LF:7
LH:7
BRF:0
BRH:0
end_of_record
TN:
SF:src/MessageExecutor.sol
FN:40,MessageExecutor.executeMessage
FNDA:3,MessageExecutor.executeMessage
DA:43,3
BRDA:43,0,0,1
BRDA:43,0,1,2
DA:44,2
DA:45,2
DA:47,2
DA:49,0
FN:61,MessageExecutor.executeMessage
FNDA:2,MessageExecutor.executeMessage
DA:69,2
BRDA:69,1,0,-
BRDA:69,1,1,2
DA:70,0
DA:73,2
BRDA:73,2,0,1
BRDA:73,2,1,1
DA:75,1
DA:77,1
BRDA:77,3,0,1
BRDA:77,3,1,-
DA:78,1
FNF:2
FNH:2
LF:11
LH:9
BRF:8
BRH:6
end_of_record
TN:
SF:src/SignatureStorage.sol
FN:18,SignatureStorage.addSignature
FNDA:0,SignatureStorage.addSignature
DA:19,0
FN:22,SignatureStorage.deleteSignature
FNDA:0,SignatureStorage.deleteSignature
DA:23,0
FN:26,SignatureStorage.getSignature
FNDA:0,SignatureStorage.getSignature
DA:27,0
FNF:3
FNH:0
LF:3
LH:0
BRF:0
BRH:0
end_of_record
TN:
SF:src/TokenLocker.sol
FN:9,TokenLocker._lock
FNDA:5,TokenLocker._lock
DA:10,5
BRDA:10,0,0,-
BRDA:10,0,1,5
DA:11,5
BRDA:11,1,0,-
BRDA:11,1,1,5
DA:13,5
FN:16,TokenLocker._unlock
FNDA:2,TokenLocker._unlock
DA:17,2
BRDA:17,2,0,-
BRDA:17,2,1,2
DA:19,2
DA:20,2
BRDA:20,3,0,-
BRDA:20,3,1,2
DA:22,2
DA:24,2
FN:27,TokenLocker._getLockedAmount
FNDA:2,TokenLocker._getLockedAmount
DA:28,2
FN:32,TokenLocker._lock
FNDA:1,TokenLocker._lock
DA:33,1
BRDA:33,4,0,-
BRDA:33,4,1,1
DA:34,1
BRDA:34,5,0,-
BRDA:34,5,1,1
DA:36,1
FN:39,TokenLocker._unlock
FNDA:0,TokenLocker._unlock
DA:40,0
BRDA:40,6,0,-
BRDA:40,6,1,-
DA:42,0
DA:43,0
BRDA:43,7,0,-
BRDA:43,7,1,-
DA:45,0
DA:47,0
FN:50,TokenLocker._getLockedAmount
FNDA:0,TokenLocker._getLockedAmount
DA:51,0
FNF:6
FNH:4
LF:18
LH:12
BRF:16
BRH:6
end_of_record
TN:
SF:src/bacen/Drex.sol
FN:82,Drex.pause
FNDA:1,Drex.pause
DA:83,1
FN:87,Drex.unpause
FNDA:0,Drex.unpause
DA:88,0
FN:98,Drex.mint
FNDA:4,Drex.mint
DA:99,5
DA:100,4
BRDA:100,0,0,4
BRDA:100,0,1,4
DA:101,4
DA:104,4
DA:105,4
FN:114,Drex.burn
FNDA:1,Drex.burn
DA:115,4
DA:116,4
DA:117,4
FN:124,Drex._commitBalance
FNDA:15,Drex._commitBalance
DA:125,15
DA:126,15
DA:128,15
DA:130,15
FN:147,Drex.burnFromReal
FNDA:1,Drex.burnFromReal
DA:148,1
DA:149,1
FN:158,Drex.mintFromReal
FNDA:2,Drex.mintFromReal
DA:159,2
DA:160,2
FN:167,Drex.decrementAvailableSupply
FNDA:2,Drex.decrementAvailableSupply
DA:168,2
FN:175,Drex.incrementAvailableSupply
FNDA:2,Drex.incrementAvailableSupply
DA:176,2
FN:186,Drex.transfer
FNDA:0,Drex.transfer
DA:187,2
DA:188,2
DA:189,2
FN:197,Drex.unlock
FNDA:2,Drex.unlock
DA:198,2
DA:199,2
BRDA:199,1,0,-
BRDA:199,1,1,2
DA:200,2
DA:201,2
FN:209,Drex.getLockedAmount
FNDA:2,Drex.getLockedAmount
DA:210,2
FN:219,Drex.receiveTransferRequest
FNDA:1,Drex.receiveTransferRequest
DA:220,1
DA:221,1
FN:234,Drex.transferRequest
FNDA:2,Drex.transferRequest
DA:239,3
DA:240,3
DA:247,3
FN:259,Drex.receiveIssuanceRequest
FNDA:1,Drex.receiveIssuanceRequest
DA:264,1
DA:266,1
FN:282,Drex.issuanceRequest
FNDA:1,Drex.issuanceRequest
DA:290,1
DA:300,1
FN:307,Drex.addAuthorized
FNDA:1,Drex.addAuthorized
DA:308,0
FN:317,Drex.isAuthorized
FNDA:3,Drex.isAuthorized
DA:318,3
FN:325,Drex.changeCCchainId
FNDA:1,Drex.changeCCchainId
DA:326,1
FN:333,Drex.decimals
FNDA:0,Drex.decimals
DA:334,0
FN:338,Drex._update
FNDA:15,Drex._update
DA:339,15
FNF:21
FNH:18
LF:42
LH:39
BRF:4
BRH:3
end_of_record
TN:
SF:src/bacen/Real.sol
FN:86,Real.pause
FNDA:1,Real.pause
DA:87,1
FN:91,Real.unpause
FNDA:0,Real.unpause
DA:92,0
FN:103,Real.mint
FNDA:3,Real.mint
DA:104,3
BRDA:104,0,0,1
BRDA:104,0,1,2
DA:106,2
DA:107,1
DA:108,1
FN:119,Real.burn
FNDA:1,Real.burn
DA:120,1
DA:122,1
DA:123,1
FN:130,Real._commitBalance
FNDA:3,Real._commitBalance
DA:131,3
DA:132,3
DA:134,3
DA:136,3
FN:155,Real.mintWithDrex
FNDA:1,Real.mintWithDrex
DA:156,1
BRDA:156,1,0,-
BRDA:156,1,1,1
DA:158,1
DA:160,1
BRDA:160,2,0,1
BRDA:160,2,1,1
DA:161,1
DA:164,1
DA:165,1
FN:176,Real.burnWithDrex
FNDA:0,Real.burnWithDrex
DA:177,0
DA:178,0
DA:179,0
FN:188,Real.receiveTransferRequest
FNDA:1,Real.receiveTransferRequest
DA:189,1
DA:190,1
FN:200,Real.transfer
FNDA:0,Real.transfer
DA:201,0
DA:202,0
DA:203,0
FN:211,Real.unlock
FNDA:0,Real.unlock
DA:212,0
DA:213,0
BRDA:213,3,0,-
BRDA:213,3,1,-
DA:214,0
DA:215,0
FN:223,Real.getLockedAmount
FNDA:0,Real.getLockedAmount
DA:224,0
FN:237,Real.transferRequest
FNDA:0,Real.transferRequest
DA:241,0
DA:242,0
DA:248,0
FN:255,Real.addAuthorized
FNDA:0,Real.addAuthorized
DA:256,0
FN:265,Real.isAuthorized
FNDA:3,Real.isAuthorized
DA:266,3
FN:273,Real.changeCCchainId
FNDA:1,Real.changeCCchainId
DA:274,1
FN:281,Real.decimals
FNDA:0,Real.decimals
DA:282,0
FN:286,Real._update
FNDA:5,Real._update
DA:287,5
FNF:17
FNH:9
LF:40
LH:23
BRF:8
BRH:5
end_of_record
TN:
SF:src/commitChain/AtomicTeleport.sol
FN:54,AtomicTeleport.storeMessage
FNDA:0,AtomicTeleport.storeMessage
DA:55,0
DA:56,0
DA:57,0
DA:58,0
FN:65,AtomicTeleport.executeMessage
FNDA:0,AtomicTeleport.executeMessage
DA:66,0
DA:67,0
DA:69,0
FN:76,AtomicTeleport.rejectMessage
FNDA:0,AtomicTeleport.rejectMessage
DA:77,0
DA:78,0
FN:86,AtomicTeleport.getMessageStatus
FNDA:0,AtomicTeleport.getMessageStatus
DA:87,0
DA:88,0
FN:96,AtomicTeleport.getMessageExpiration
FNDA:0,AtomicTeleport.getMessageExpiration
DA:97,0
FNF:5
FNH:0
LF:12
LH:0
BRF:0
BRH:0
end_of_record
TN:
SF:src/commitChain/Teleport.sol
FN:65,Teleport.setChainInfo
FNDA:0,Teleport.setChainInfo
DA:66,0
BRDA:66,0,0,-
BRDA:66,0,1,-
DA:68,0
DA:69,0
DA:70,0
FN:78,Teleport.getChainInfo
FNDA:0,Teleport.getChainInfo
DA:79,0
FN:87,Teleport.getAuditInfo
FNDA:0,Teleport.getAuditInfo
DA:88,0
FN:99,Teleport.setAuditInfo
FNDA:0,Teleport.setAuditInfo
DA:100,0
DA:101,0
DA:102,0
DA:103,0
FN:112,Teleport.storeEncryptedData
FNDA:0,Teleport.storeEncryptedData
DA:113,0
DA:114,0
FN:122,Teleport.addHeader
FNDA:0,Teleport.addHeader
DA:123,0
FN:131,Teleport.getHeaders
FNDA:0,Teleport.getHeaders
DA:132,0
FN:140,Teleport.addSingleHeader
FNDA:0,Teleport.addSingleHeader
DA:141,0
FN:149,Teleport.getSingleHeader
FNDA:0,Teleport.getSingleHeader
DA:150,0
FN:159,Teleport.getEncryptedData
FNDA:0,Teleport.getEncryptedData
DA:160,0
FN:167,Teleport.getAllPrivateLedgers
FNDA:0,Teleport.getAllPrivateLedgers
DA:168,0
FNF:11
FNH:0
LF:18
LH:0
BRF:2
BRH:0
end_of_record
TN:
SF:src/commitChain/ParticipantStorage.sol
FN:37,ParticipantStorage.addParticipant
FNDA:15,ParticipantStorage.addParticipant
DA:38,15
BRDA:38,0,0,-
BRDA:38,0,1,15
DA:40,15
DA:41,15
FN:48,ParticipantStorage.addParticipants
FNDA:1,ParticipantStorage.addParticipants
DA:49,1
DA:50,4
BRDA:50,1,0,4
BRDA:50,1,1,4
DA:51,4
DA:54,4
DA:55,4
FN:63,ParticipantStorage.removeParticipant
FNDA:4,ParticipantStorage.removeParticipant
DA:64,4
BRDA:64,2,0,-
BRDA:64,2,1,4
DA:66,4
DA:68,4
DA:69,4
DA:70,12
BRDA:70,3,0,-
BRDA:70,3,1,4
DA:71,4
DA:72,4
DA:73,4
FN:82,ParticipantStorage.verifyParticipant
FNDA:3,ParticipantStorage.verifyParticipant
DA:83,3
BRDA:83,4,0,2
BRDA:83,4,1,1
FN:90,ParticipantStorage.getAllParticipants
FNDA:5,ParticipantStorage.getAllParticipants
DA:91,5
FNF:5
FNH:5
LF:18
LH:18
BRF:10
BRH:7
end_of_record
TN:
SF:src/commitChain/Pedersen/BalanceCommitment.sol
FN:33,BalanceCommitment.commitBalance
FNDA:16,BalanceCommitment.commitBalance
DA:34,16
DA:35,16
FN:38,BalanceCommitment.getCommitments
FNDA:4,BalanceCommitment.getCommitments
DA:43,4
FNF:2
FNH:2
LF:3
LH:3
BRF:0
BRH:0
end_of_record
TN:
SF:src/commitChain/Pedersen/Curve.sol
FN:13,Curve.invMod
FNDA:0,Curve.invMod
DA:14,0
FN:17,Curve.expMod
FNDA:0,Curve.expMod
DA:18,0
FN:21,Curve.getY
FNDA:0,Curve.getY
DA:22,0
FN:25,Curve.onCurve
FNDA:0,Curve.onCurve
DA:26,0
FN:29,Curve.inverse
FNDA:0,Curve.inverse
DA:30,0
FN:33,Curve.subtract
FNDA:0,Curve.subtract
DA:34,0
FN:37,Curve.add
FNDA:0,Curve.add
DA:38,0
FN:41,Curve.derivePubKey
FNDA:18,Curve.derivePubKey
DA:42,18
FNF:8
FNH:1
LF:8
LH:1
BRF:0
BRH:0
end_of_record
TN:
SF:src/commitChain/Pedersen/Ecc.sol
FN:20,EllipticCurve.invMod
FNDA:18,EllipticCurve.invMod
DA:21,18
BRDA:21,0,0,-
BRDA:21,0,1,18
DA:22,18
DA:23,18
DA:24,18
DA:25,18
DA:26,2596
DA:27,2578
DA:28,2578
DA:29,2578
DA:31,18
FN:40,EllipticCurve.expMod
FNDA:0,EllipticCurve.expMod
DA:41,0
BRDA:41,1,0,-
BRDA:41,1,1,-
DA:42,0
BRDA:42,2,0,-
BRDA:42,2,1,-
DA:43,0
BRDA:43,3,0,-
BRDA:43,3,1,-
DA:44,0
DA:45,0
DA:55,0
FN:64,EllipticCurve.toAffine
FNDA:18,EllipticCurve.toAffine
DA:65,18
DA:66,18
DA:67,18
DA:68,18
DA:69,18
FN:79,EllipticCurve.deriveY
FNDA:0,EllipticCurve.deriveY
DA:84,0
BRDA:84,4,0,-
BRDA:84,4,1,-
DA:86,0
DA:87,0
DA:89,0
DA:90,0
FN:100,EllipticCurve.isOnCurve
FNDA:0,EllipticCurve.isOnCurve
DA:101,0
BRDA:101,5,0,-
BRDA:101,5,1,-
DA:102,0
DA:105,0
DA:107,0
DA:108,0
BRDA:108,6,0,-
BRDA:108,6,1,-
DA:110,0
DA:112,0
BRDA:112,7,0,-
BRDA:112,7,1,-
DA:114,0
DA:116,0
FN:124,EllipticCurve.ecInv
FNDA:0,EllipticCurve.ecInv
DA:125,0
FN:136,EllipticCurve.ecAdd
FNDA:0,EllipticCurve.ecAdd
DA:141,0
DA:142,0
DA:143,0
DA:145,0
BRDA:145,8,0,-
BRDA:145,8,1,-
DA:147,0
BRDA:147,9,0,-
BRDA:147,9,1,-
DA:148,0
DA:151,0
DA:154,0
DA:157,0
FN:168,EllipticCurve.ecSub
FNDA:0,EllipticCurve.ecSub
DA:174,0
DA:176,0
FN:186,EllipticCurve.ecMul
FNDA:18,EllipticCurve.ecMul
DA:193,18
DA:195,18
FN:219,EllipticCurve.jacAdd
FNDA:71,EllipticCurve.jacAdd
DA:224,71
BRDA:224,10,0,17
BRDA:224,10,1,54
DA:225,54
BRDA:225,11,0,-
BRDA:225,11,1,54
DA:227,54
DA:228,54
DA:229,54
DA:230,54
DA:231,54
DA:233,54
DA:235,54
BRDA:235,12,0,-
BRDA:235,12,1,54
DA:236,54
DA:238,54
DA:240,54
DA:242,54
DA:244,54
DA:246,54
DA:247,54
DA:249,54
DA:250,54
DA:252,54
DA:253,54
FN:263,EllipticCurve.jacDouble
FNDA:157,EllipticCurve.jacDouble
DA:268,157
BRDA:268,13,0,-
BRDA:268,13,1,157
DA:272,157
DA:273,157
DA:274,157
DA:276,157
DA:278,157
DA:282,157
DA:284,157
DA:286,157
DA:287,157
FN:298,EllipticCurve.jacMul
FNDA:18,EllipticCurve.jacMul
DA:304,18
BRDA:304,14,0,1
BRDA:304,14,1,17
DA:305,1
DA:307,17
DA:308,17
DA:309,17
DA:310,17
DA:312,174
DA:313,157
BRDA:313,15,0,71
BRDA:313,15,1,157
DA:314,71
DA:316,157
DA:317,157
DA:319,17
FNF:12
FNH:6
LF:91
LH:59
BRF:32
BRH:10
end_of_record
TN:
SF:src/diamond/Diamond.sol
FN:39,Diamond.
FNDA:0,Diamond.
DA:40,0
DA:41,0
DA:44,0
DA:47,0
DA:48,0
BRDA:48,0,0,-
BRDA:48,0,1,-
DA:49,0
FNF:1
FNH:0
LF:6
LH:0
BRF:2
BRH:0
end_of_record
TN:
SF:src/diamond/facets/DiamondCutFacet.sol
FN:22,DiamondCutFacet.diamondCut
FNDA:0,DiamondCutFacet.diamondCut
DA:23,0
DA:24,0
FNF:1
FNH:0
LF:2
LH:0
BRF:0
BRH:0
end_of_record
TN:
SF:src/diamond/facets/DiamondLoupeFacet.sol
FN:20,DiamondLoupeFacet.facets
FNDA:0,DiamondLoupeFacet.facets
DA:21,0
DA:22,0
DA:24,0
DA:26,0
DA:28,0
DA:30,0
DA:31,0
DA:32,0
DA:33,0
DA:35,0
DA:36,0
BRDA:36,0,0,-
BRDA:36,0,1,-
DA:37,0
DA:38,0
DA:39,0
DA:40,0
DA:44,0
BRDA:44,1,0,-
BRDA:44,1,1,-
DA:45,0
DA:46,0
DA:49,0
DA:50,0
DA:51,0
DA:52,0
DA:53,0
DA:55,0
DA:56,0
DA:57,0
FN:72,DiamondLoupeFacet.facetFunctionSelectors
FNDA:0,DiamondLoupeFacet.facetFunctionSelectors
DA:78,0
DA:79,0
DA:80,0
DA:81,0
DA:83,0
DA:84,0
DA:85,0
DA:86,0
BRDA:86,2,0,-
BRDA:86,2,1,-
DA:87,0
DA:88,0
FN:99,DiamondLoupeFacet.facetAddresses
FNDA:0,DiamondLoupeFacet.facetAddresses
DA:100,0
DA:101,0
DA:103,0
DA:104,0
DA:106,0
DA:107,0
DA:108,0
DA:109,0
DA:111,0
DA:112,0
BRDA:112,3,0,-
BRDA:112,3,1,-
DA:113,0
DA:114,0
DA:118,0
BRDA:118,4,0,-
BRDA:118,4,1,-
DA:119,0
DA:120,0
DA:123,0
DA:124,0
FN:136,DiamondLoupeFacet.facetAddress
FNDA:0,DiamondLoupeFacet.facetAddress
DA:137,0
DA:138,0
FN:142,DiamondLoupeFacet.supportsInterface
FNDA:0,DiamondLoupeFacet.supportsInterface
DA:143,0
DA:144,0
FNF:5
FNH:0
LF:57
LH:0
BRF:10
BRH:0
end_of_record
TN:
SF:src/diamond/facets/OwnershipFacet.sol
FN:8,OwnershipFacet.transferOwnership
FNDA:0,OwnershipFacet.transferOwnership
DA:9,0
DA:10,0
FN:13,OwnershipFacet.owner
FNDA:0,OwnershipFacet.owner
DA:14,0
FNF:2
FNH:0
LF:3
LH:0
BRF:0
BRH:0
end_of_record
TN:
SF:src/diamond/libraries/LibDiamond.sol
FN:47,LibDiamond.diamondStorage
FNDA:0,LibDiamond.diamondStorage
DA:48,0
DA:50,0
FN:56,LibDiamond.setContractOwner
FNDA:0,LibDiamond.setContractOwner
DA:57,0
DA:58,0
DA:59,0
DA:60,0
FN:63,LibDiamond.contractOwner
FNDA:0,LibDiamond.contractOwner
DA:64,0
FN:67,LibDiamond.enforceIsContractOwner
FNDA:0,LibDiamond.enforceIsContractOwner
DA:68,0
BRDA:68,0,0,-
BRDA:68,0,1,-
DA:69,0
FN:76,LibDiamond.diamondCut
FNDA:0,LibDiamond.diamondCut
DA:77,0
DA:78,0
DA:79,0
DA:80,0
BRDA:80,1,0,-
BRDA:80,1,1,-
DA:81,0
DA:83,0
DA:84,0
BRDA:84,2,0,-
BRDA:84,2,1,-
DA:85,0
DA:86,0
BRDA:86,3,0,-
BRDA:86,3,1,-
DA:87,0
DA:88,0
BRDA:88,4,0,-
BRDA:88,4,1,-
DA:89,0
DA:91,0
DA:94,0
DA:95,0
FN:98,LibDiamond.addFunctions
FNDA:0,LibDiamond.addFunctions
DA:99,0
BRDA:99,5,0,-
BRDA:99,5,1,-
DA:100,0
DA:102,0
DA:103,0
DA:104,0
DA:105,0
DA:106,0
DA:107,0
DA:108,0
BRDA:108,6,0,-
BRDA:108,6,1,-
DA:109,0
DA:111,0
DA:112,0
DA:113,0
FN:117,LibDiamond.replaceFunctions
FNDA:0,LibDiamond.replaceFunctions
DA:118,0
DA:119,0
BRDA:119,7,0,-
BRDA:119,7,1,-
DA:120,0
DA:122,0
DA:123,0
DA:124,0
DA:125,0
DA:127,0
BRDA:127,8,0,-
BRDA:127,8,1,-
DA:128,0
DA:130,0
BRDA:130,9,0,-
BRDA:130,9,1,-
DA:131,0
DA:133,0
BRDA:133,10,0,-
BRDA:133,10,1,-
DA:134,0
DA:137,0
FN:141,LibDiamond.removeFunctions
FNDA:0,LibDiamond.removeFunctions
DA:142,0
DA:143,0
DA:144,0
BRDA:144,11,0,-
BRDA:144,11,1,-
DA:145,0
DA:147,0
DA:148,0
DA:149,0
DA:151,0
BRDA:151,12,0,-
BRDA:151,12,1,-
DA:152,0
DA:156,0
BRDA:156,13,0,-
BRDA:156,13,1,-
DA:157,0
DA:160,0
DA:161,0
BRDA:161,14,0,-
BRDA:161,14,1,-
DA:162,0
DA:163,0
DA:164,0
DA:168,0
DA:169,0
FN:173,LibDiamond.initializeDiamondCut
FNDA:0,LibDiamond.initializeDiamondCut
DA:174,0
BRDA:174,15,0,-
BRDA:174,15,1,-
DA:175,0
DA:177,0
DA:178,0
DA:179,0
BRDA:179,16,0,-
BRDA:179,16,1,-
DA:180,0
BRDA:180,17,0,-
BRDA:180,17,1,-
DA:188,0
FN:193,LibDiamond.enforceHasContractCode
FNDA:0,LibDiamond.enforceHasContractCode
DA:194,0
DA:196,0
DA:198,0
BRDA:198,18,0,-
BRDA:198,18,1,-
DA:199,0
FNF:10
FNH:0
LF:80
LH:0
BRF:38
BRH:0
end_of_record
TN:
SF:src/diamond/upgradeInitializers/DiamondInit.sol
FN:29,DiamondInit.init
FNDA:0,DiamondInit.init
DA:30,0
DA:31,0
DA:32,0
DA:33,0
DA:34,0
DA:35,0
DA:36,0
FNF:1
FNH:0
LF:7
LH:0
BRF:0
BRH:0
end_of_record
TN:
SF:src/diamond/upgradeInitializers/DiamondMultiInit.sol
FN:19,DiamondMultiInit.multiInit
FNDA:0,DiamondMultiInit.multiInit
DA:20,0
BRDA:20,0,0,-
BRDA:20,0,1,-
DA:21,0
DA:23,0
DA:24,0
FNF:1
FNH:0
LF:4
LH:0
BRF:2
BRH:0
end_of_record
TN:
SF:src/generic/Example.sol
FN:39,Generic.increment
FNDA:0,Generic.increment
DA:40,0
FN:43,Generic.decrement
FNDA:0,Generic.decrement
DA:44,0
FN:51,Generic.receiveCrossChainRequest
FNDA:0,Generic.receiveCrossChainRequest
DA:56,0
DA:57,0
FN:64,Generic.crossChainRequest
FNDA:0,Generic.crossChainRequest
DA:68,0
DA:69,0
DA:77,0
FNF:4
FNH:0
LF:7
LH:0
BRF:0
BRH:0
end_of_record
TN:
SF:src/lib/Utils.sol
FN:5,Utils.addressToBytes32
FNDA:38,Utils.addressToBytes32
DA:6,38
FNF:1
FNH:1
LF:1
LH:1
BRF:0
BRH:0
end_of_record
TN:
SF:src/treasury/Bond.sol
FN:55,Bond.pause
FNDA:1,Bond.pause
DA:56,1
FN:60,Bond.unpause
FNDA:0,Bond.unpause
DA:61,0
FN:69,Bond.uri
FNDA:0,Bond.uri
DA:70,2
FN:80,Bond.mint
FNDA:2,Bond.mint
DA:81,2
FN:90,Bond.burn
FNDA:1,Bond.burn
DA:92,1
FN:102,Bond.transferBurn
FNDA:3,Bond.transferBurn
DA:103,3
FN:115,Bond.transferMint
FNDA:1,Bond.transferMint
DA:116,1
DA:117,1
BRDA:117,0,0,1
BRDA:117,0,1,1
DA:118,1
FN:128,Bond.unlock
FNDA:0,Bond.unlock
DA:129,0
DA:130,0
BRDA:130,1,0,-
BRDA:130,1,1,-
DA:131,0
DA:133,0
DA:134,0
FN:143,Bond.getLockedAmount
FNDA:0,Bond.getLockedAmount
DA:144,0
FN:155,Bond.receiveTransferRequest
FNDA:1,Bond.receiveTransferRequest
DA:162,1
DA:163,1
DA:164,1
FN:178,Bond.transferRequest
FNDA:1,Bond.transferRequest
DA:186,1
DA:187,1
DA:189,1
DA:196,1
FN:205,Bond._processIssuanceRequest
FNDA:1,Bond._processIssuanceRequest
DA:213,1
DA:214,1
DA:215,1
DA:217,1
DA:224,1
FN:236,Bond.receiveIssuanceRequest
FNDA:0,Bond.receiveIssuanceRequest
DA:244,0
DA:245,0
DA:246,0
FN:262,Bond.issuanceRequest
FNDA:1,Bond.issuanceRequest
DA:271,1
DA:272,1
DA:281,1
FN:288,Bond.addAuthorized
FNDA:0,Bond.addAuthorized
DA:289,0
FN:298,Bond.isAuthorized
FNDA:3,Bond.isAuthorized
DA:299,3
FN:303,Bond._update
FNDA:7,Bond._update
DA:307,7
FNF:17
FNH:11
LF:36
LH:25
BRF:4
BRH:2
end_of_record
TN:
SF:test/commitChain/AtomicTeleport.t.sol
FN:11,AtomicTeleportTest.setUp
FNDA:0,AtomicTeleportTest.setUp
DA:12,0
FNF:1
FNH:0
LF:1
LH:0
BRF:0
BRH:0
end_of_record
TN:
SF:test/mocks/BondMock.sol
FN:12,BondMock.transferBurnMock
FNDA:1,BondMock.transferBurnMock
DA:13,1
FN:16,BondMock.processIssuanceRequestMock
FNDA:1,BondMock.processIssuanceRequestMock
DA:24,1
FNF:2
FNH:2
LF:2
LH:2
BRF:0
BRH:0
end_of_record
TN:
SF:test/mocks/RealMock.sol
FN:31,RealMock.mintWithDrexMock
FNDA:0,RealMock.mintWithDrexMock
DA:32,0
FN:35,RealMock.burnWithDrexMock
FNDA:0,RealMock.burnWithDrexMock
DA:36,0
FNF:2
FNH:0
LF:2
LH:0
BRF:0
BRH:0
end_of_record
